15:58:36 - /api/ping3
15:58:51 - /api/tahun-ajaran
15:59:53 - /api/tahun-ajaran
16:43:22 - /api/tahun-ajaran
16:43:23 - /api/tahun-ajaran
16:43:24 - /api/tahun-ajaran
16:43:26 - /api/tahun-ajaran
16:43:26 - /api/tahun-ajaran
16:43:27 - /api/tahun-ajaran
16:43:27 - /api/tahun-ajaran
16:43:28 - /api/tahun-ajaran
16:43:28 - /api/tahun-ajaran
16:43:37 - /api/tahun-ajaran
16:43:50 - /api/tahun-ajaran
16:44:57 - /api/tahun-ajaran
16:45:29 - /api/tahun-ajaran
16:52:04 - /api/guru?per_page=1000
16:52:04 - /api/guru?per_page=1000
16:52:11 - /api/kelas?per_page=500
16:52:11 - /api/kelas/stats
16:52:11 - /api/guru?role=guru&per_page=100
16:52:11 - /api/tahun-ajaran
16:52:11 - /api/kelas?per_page=500
16:52:11 - /api/kelas/stats
16:52:11 - /api/guru?role=guru&per_page=100
16:52:11 - /api/tahun-ajaran
16:55:44 - /api/public/pengumuman
16:55:44 - /api/public/profil-sekolah
16:55:44 - /api/public/pengumuman
16:55:44 - /api/public/profil-sekolah
16:55:53 - /api/login
16:55:59 - /api/login
16:56:14 - /api/login
16:56:18 - /api/login
16:56:58 - /api/audit-logs?per_page=1000
16:56:58 - /api/dashboard
16:56:58 - /api/audit-logs?per_page=1000
16:56:58 - /api/dashboard
16:57:02 - /api/logout
16:57:09 - /api/login
16:57:12 - /api/login
16:57:22 - /api/login
16:57:29 - /api/login
16:57:32 - /api/login
17:00:09 - /api/login
17:00:15 - /api/login
17:02:43 - /api/ping
17:03:19 - /api/login
17:03:43 - /api/login
17:04:04 - /api/login
17:05:10 - /api/login
17:05:11 - /api/auth/register-calon-siswa
17:05:30 - /api/login
